<?xml version="1.0" encoding="UTF-8"?>
<!-- Generated by org.testng.reporters.JUnitReportReporter -->
<testsuite skipped="0" hostname="DE9B6WNN2" name="Tests.SampleTest" tests="1" failures="0" timestamp="2020-07-07T12:50:47 CDT" time="3.949" errors="0">
  <testcase name="sampleTest" time="3.949" classname="Tests.SampleTest"/>
</testsuite> <!-- Tests.SampleTest -->
