<?xml version="1.0" encoding="UTF-8"?>
<!-- Generated by org.testng.reporters.JUnitReportReporter -->
<testsuite skipped="0" hostname="DE9B6WNN2" name="Tests.SampleTest" tests="1" failures="0" timestamp="2020-04-29T12:19:23 CDT" time="2.953" errors="0">
  <testcase name="sampleTest" time="2.953" classname="Tests.SampleTest"/>
</testsuite> <!-- Tests.SampleTest -->
