<?xml version="1.0" encoding="UTF-8"?>
<!-- Generated by org.testng.reporters.JUnitReportReporter -->
<testsuite skipped="0" hostname="DE9B6WNN2" name="Tests.Login_TestCase_Appium" tests="2" failures="0" timestamp="2020-07-13T20:52:33 CDT" time="15.602" errors="0">
  <testcase name="Login_Appium" time="0.005" classname="Tests.Login_TestCase_Appium"/>
  <testcase name="sampleTest" time="15.597" classname="Tests.Login_TestCase_Appium"/>
</testsuite> <!-- Tests.Login_TestCase_Appium -->
