<?xml version="1.0" encoding="UTF-8"?>
<!-- Generated by org.testng.reporters.JUnitReportReporter -->
<testsuite skipped="0" hostname="DE9B6WNN2" name="TestCases.ForLegsTables" tests="1" failures="0" timestamp="2020-04-23T10:17:07 CDT" time="34.141" errors="0">
  <testcase name="FourLegsTables" time="34.141" classname="TestCases.ForLegsTables"/>
</testsuite> <!-- TestCases.ForLegsTables -->
