<?xml version="1.0" encoding="UTF-8"?>
<!-- Generated by org.testng.reporters.JUnitReportReporter -->
<testsuite skipped="0" hostname="DE9B6WNN2" name="TestCases.ModularStuck" tests="1" failures="0" timestamp="2020-07-06T20:52:15 CDT" time="24.176" errors="0">
  <testcase name="ModularsStuck" time="24.176" classname="TestCases.ModularStuck"/>
</testsuite> <!-- TestCases.ModularStuck -->
