<?xml version="1.0" encoding="UTF-8"?>
<!-- Generated by org.testng.reporters.JUnitReportReporter -->
<testsuite skipped="0" hostname="DE9B6WNN2" name="TestCases.OutDoorStuck" tests="1" failures="0" timestamp="2020-10-05T19:21:17 CDT" time="56.007" errors="0">
  <testcase name="OutDoorStuck" time="56.007" classname="TestCases.OutDoorStuck"/>
</testsuite> <!-- TestCases.OutDoorStuck -->
