<?xml version="1.0" encoding="UTF-8"?>
<!-- Generated by org.testng.reporters.JUnitReportReporter -->
<testsuite hostname="RNT300251L" failures="0" tests="1" name="SeleniumJavaTestDeleteCellphoneFromCart" time="5.928" errors="0" timestamp="2021-01-14T21:31:25 IST" skipped="0">
  <testcase classname="SeleniumJavaTestDeleteCellphoneFromCart" name="PurchaseSamsungGalaxyS6" time="5.928"/>
  <system-out/>
</testsuite> <!-- SeleniumJavaTestDeleteCellphoneFromCart -->
