<?xml version="1.0" encoding="UTF-8"?>
<!-- Generated by org.testng.reporters.JUnitReportReporter -->
<testsuite hostname="RNT300251L" failures="0" tests="1" name="SeleniumJavaTest" time="7.812" errors="0" timestamp="2021-01-23T07:24:26 IST" skipped="0">
  <testcase classname="SeleniumJavaTest" name="PurchaseSamsungGalaxyS6" time="7.812"/>
  <system-out/>
</testsuite> <!-- SeleniumJavaTest -->
