<?xml version="1.0" encoding="UTF-8"?>
<!-- Generated by org.testng.reporters.JUnitReportReporter -->
<testsuite hostname="RNT300251L" failures="0" tests="1" name="SeleniumJavaTestDeleteCellphoneFromCart" time="4.011" errors="0" timestamp="2021-03-24T12:39:53 CST" skipped="0">
  <testcase classname="SeleniumJavaTestDeleteCellphoneFromCart" name="PurchaseSamsungGalaxyS6" time="4.011"/>
  <system-out/>
</testsuite> <!-- SeleniumJavaTestDeleteCellphoneFromCart -->
