<?xml version="1.0" encoding="UTF-8"?>
<!-- Generated by org.testng.reporters.JUnitReportReporter -->
<testsuite skipped="0" hostname="DE9B6WNN2" name="TestCases.Login" tests="1" failures="0" timestamp="2020-03-13T10:41:37 CST" time="36.077" errors="0">
  <testcase name="TestLogin" time="36.077" classname="TestCases.Login"/>
</testsuite> <!-- TestCases.Login -->
